<?xml version="1.0" encoding="UTF-8"?>
<!-- Generated by org.testng.reporters.JUnitReportReporter -->
<testsuite hostname="DESKTOP-84DKASJ" failures="0" tests="1" name="Main" time="3.244" errors="0" timestamp="2023-02-23T12:47:23 IST" skipped="0">
  <testcase classname="Main" name="test1" time="3.244"/>
  <system-out/>
</testsuite> <!-- Main -->
